<?xml version="1.0" encoding="UTF-8"?><testrun name="CalculatorTest" project="junit-basic-app" tests="8" started="8" failures="2" errors="0" ignored="0">
  <testsuite name="com.etisalat.service.CalculatorTest" time="0.01">
    <testsuite name="[0]" time="0.007">
      <testcase name="testInvalidAdd[0]" classname="com.etisalat.service.CalculatorTest" time="0.0"/>
      <testcase name="testSquare[0]" classname="com.etisalat.service.CalculatorTest" time="0.0"/>
      <testcase name="testDivide[0]" classname="com.etisalat.service.CalculatorTest" time="0.004">
        <failure>java.lang.AssertionError: Use assertEquals(expected, actual, delta) to compare floating-point numbers&#13;
	at org.junit.Assert.fail(Assert.java:91)&#13;
	at org.junit.Assert.assertEquals(Assert.java:464)&#13;
	at org.junit.Assert.assertEquals(Assert.java:453)&#13;
	at com.etisalat.service.CalculatorTest.testDivide(CalculatorTest.java:71)&#13;
	at sun.reflect.NativeMethodAccessorImpl.invoke0(Native Method)&#13;
	at sun.reflect.NativeMethodAccessorImpl.invoke(NativeMethodAccessorImpl.java:62)&#13;
	at sun.reflect.DelegatingMethodAccessorImpl.invoke(DelegatingMethodAccessorImpl.java:43)&#13;
	at java.lang.reflect.Method.invoke(Method.java:498)&#13;
	at org.junit.runners.model.FrameworkMethod$1.runReflectiveCall(FrameworkMethod.java:44)&#13;
	at org.junit.internal.runners.model.ReflectiveCallable.run(ReflectiveCallable.java:15)&#13;
	at org.junit.runners.model.FrameworkMethod.invokeExplosively(FrameworkMethod.java:41)&#13;
	at org.junit.internal.runners.statements.InvokeMethod.evaluate(InvokeMethod.java:20)&#13;
	at org.junit.internal.runners.statements.RunBefores.evaluate(RunBefores.java:28)&#13;
	at org.junit.internal.runners.statements.RunAfters.evaluate(RunAfters.java:31)&#13;
	at org.junit.runners.BlockJUnit4ClassRunner.runChild(BlockJUnit4ClassRunner.java:73)&#13;
	at org.junit.runners.BlockJUnit4ClassRunner.runChild(BlockJUnit4ClassRunner.java:46)&#13;
	at org.junit.runners.ParentRunner.runChildren(ParentRunner.java:180)&#13;
	at org.junit.runners.ParentRunner.access$000(ParentRunner.java:41)&#13;
	at org.junit.runners.ParentRunner$1.evaluate(ParentRunner.java:173)&#13;
	at org.junit.runners.ParentRunner.run(ParentRunner.java:220)&#13;
	at org.junit.runners.Suite.runChild(Suite.java:115)&#13;
	at org.junit.runners.Suite.runChild(Suite.java:23)&#13;
	at org.junit.runners.ParentRunner.runChildren(ParentRunner.java:180)&#13;
	at org.junit.runners.ParentRunner.access$000(ParentRunner.java:41)&#13;
	at org.junit.runners.ParentRunner$1.evaluate(ParentRunner.java:173)&#13;
	at org.junit.internal.runners.statements.RunBefores.evaluate(RunBefores.java:28)&#13;
	at org.junit.internal.runners.statements.RunAfters.evaluate(RunAfters.java:31)&#13;
	at org.junit.runners.ParentRunner.run(ParentRunner.java:220)&#13;
	at org.eclipse.jdt.internal.junit4.runner.JUnit4TestReference.run(JUnit4TestReference.java:89)&#13;
	at org.eclipse.jdt.internal.junit.runner.TestExecution.run(TestExecution.java:41)&#13;
	at org.eclipse.jdt.internal.junit.runner.RemoteTestRunner.runTests(RemoteTestRunner.java:541)&#13;
	at org.eclipse.jdt.internal.junit.runner.RemoteTestRunner.runTests(RemoteTestRunner.java:763)&#13;
	at org.eclipse.jdt.internal.junit.runner.RemoteTestRunner.run(RemoteTestRunner.java:463)&#13;
	at org.eclipse.jdt.internal.junit.runner.RemoteTestRunner.main(RemoteTestRunner.java:209)&#13;
&#13;
</failure>
      </testcase>
      <testcase name="testValidAdd[0]" classname="com.etisalat.service.CalculatorTest" time="0.002"/>
    </testsuite>
    <testsuite name="[1]" time="0.003">
      <testcase name="testInvalidAdd[1]" classname="com.etisalat.service.CalculatorTest" time="0.0"/>
      <testcase name="testSquare[1]" classname="com.etisalat.service.CalculatorTest" time="0.001"/>
      <testcase name="testDivide[1]" classname="com.etisalat.service.CalculatorTest" time="0.001">
        <failure>java.lang.AssertionError: Use assertEquals(expected, actual, delta) to compare floating-point numbers&#13;
	at org.junit.Assert.fail(Assert.java:91)&#13;
	at org.junit.Assert.assertEquals(Assert.java:464)&#13;
	at org.junit.Assert.assertEquals(Assert.java:453)&#13;
	at com.etisalat.service.CalculatorTest.testDivide(CalculatorTest.java:71)&#13;
	at sun.reflect.NativeMethodAccessorImpl.invoke0(Native Method)&#13;
	at sun.reflect.NativeMethodAccessorImpl.invoke(NativeMethodAccessorImpl.java:62)&#13;
	at sun.reflect.DelegatingMethodAccessorImpl.invoke(DelegatingMethodAccessorImpl.java:43)&#13;
	at java.lang.reflect.Method.invoke(Method.java:498)&#13;
	at org.junit.runners.model.FrameworkMethod$1.runReflectiveCall(FrameworkMethod.java:44)&#13;
	at org.junit.internal.runners.model.ReflectiveCallable.run(ReflectiveCallable.java:15)&#13;
	at org.junit.runners.model.FrameworkMethod.invokeExplosively(FrameworkMethod.java:41)&#13;
	at org.junit.internal.runners.statements.InvokeMethod.evaluate(InvokeMethod.java:20)&#13;
	at org.junit.internal.runners.statements.RunBefores.evaluate(RunBefores.java:28)&#13;
	at org.junit.internal.runners.statements.RunAfters.evaluate(RunAfters.java:31)&#13;
	at org.junit.runners.BlockJUnit4ClassRunner.runChild(BlockJUnit4ClassRunner.java:73)&#13;
	at org.junit.runners.BlockJUnit4ClassRunner.runChild(BlockJUnit4ClassRunner.java:46)&#13;
	at org.junit.runners.ParentRunner.runChildren(ParentRunner.java:180)&#13;
	at org.junit.runners.ParentRunner.access$000(ParentRunner.java:41)&#13;
	at org.junit.runners.ParentRunner$1.evaluate(ParentRunner.java:173)&#13;
	at org.junit.runners.ParentRunner.run(ParentRunner.java:220)&#13;
	at org.junit.runners.Suite.runChild(Suite.java:115)&#13;
	at org.junit.runners.Suite.runChild(Suite.java:23)&#13;
	at org.junit.runners.ParentRunner.runChildren(ParentRunner.java:180)&#13;
	at org.junit.runners.ParentRunner.access$000(ParentRunner.java:41)&#13;
	at org.junit.runners.ParentRunner$1.evaluate(ParentRunner.java:173)&#13;
	at org.junit.internal.runners.statements.RunBefores.evaluate(RunBefores.java:28)&#13;
	at org.junit.internal.runners.statements.RunAfters.evaluate(RunAfters.java:31)&#13;
	at org.junit.runners.ParentRunner.run(ParentRunner.java:220)&#13;
	at org.eclipse.jdt.internal.junit4.runner.JUnit4TestReference.run(JUnit4TestReference.java:89)&#13;
	at org.eclipse.jdt.internal.junit.runner.TestExecution.run(TestExecution.java:41)&#13;
	at org.eclipse.jdt.internal.junit.runner.RemoteTestRunner.runTests(RemoteTestRunner.java:541)&#13;
	at org.eclipse.jdt.internal.junit.runner.RemoteTestRunner.runTests(RemoteTestRunner.java:763)&#13;
	at org.eclipse.jdt.internal.junit.runner.RemoteTestRunner.run(RemoteTestRunner.java:463)&#13;
	at org.eclipse.jdt.internal.junit.runner.RemoteTestRunner.main(RemoteTestRunner.java:209)&#13;
&#13;
</failure>
      </testcase>
      <testcase name="testValidAdd[1]" classname="com.etisalat.service.CalculatorTest" time="0.001"/>
    </testsuite>
  </testsuite>
</testrun>
